Performing C SOURCE FILE Test CMAKE_HAVE_LIBC_PTHREAD failed with the following output:
Change Dir: /home/aaron/Dropbox/Projects/MyCryptoNets/build/CMakeFiles/CMakeTmp

Run Build Command(s):/usr/bin/ninja cmTC_32ec9 && [1/2] Building C object CMakeFiles/cmTC_32ec9.dir/src.c.o
[2/2] Linking C executable cmTC_32ec9
FAILED: cmTC_32ec9 
: && /usr/local/bin/clang-10 -DCMAKE_HAVE_LIBC_PTHREAD  CMakeFiles/cmTC_32ec9.dir/src.c.o -o cmTC_32ec9   && :
CMakeFiles/cmTC_32ec9.dir/src.c.o: In function `main':
src.c:(.text+0x35): undefined reference to `pthread_create'
src.c:(.text+0x41): undefined reference to `pthread_detach'
src.c:(.text+0x4d): undefined reference to `pthread_cancel'
src.c:(.text+0x5f): undefined reference to `pthread_join'
src.c:(.text+0x76): undefined reference to `pthread_atfork'
clang-10: error: linker command failed with exit code 1 (use -v to see invocation)
ninja: build stopped: subcommand failed.


Source file was:
#include <pthread.h>

void* test_func(void* data)
{
  return data;
}

int main(void)
{
  pthread_t thread;
  pthread_create(&thread, NULL, test_func, NULL);
  pthread_detach(thread);
  pthread_cancel(thread);
  pthread_join(thread, NULL);
  pthread_atfork(NULL, NULL, NULL);
  pthread_exit(NULL);

  return 0;
}

